0 info it worked if it ends with ok
1 verbose cli [ '/Users/mohamedsayed/.nvm/versions/node/v6.9.1/bin/node',
1 verbose cli   '/Users/mohamedsayed/.nvm/versions/node/v6.9.1/bin/npm',
1 verbose cli   'run',
1 verbose cli   'docs:build' ]
2 info using npm@3.10.8
3 info using node@v6.9.1
4 verbose run-script [ 'predocs:build', 'docs:build', 'postdocs:build' ]
5 info lifecycle digger-docs@1.0.0~predocs:build: digger-docs@1.0.0
6 silly lifecycle digger-docs@1.0.0~predocs:build: no script for predocs:build, continuing
7 info lifecycle digger-docs@1.0.0~docs:build: digger-docs@1.0.0
8 verbose lifecycle digger-docs@1.0.0~docs:build: unsafe-perm in lifecycle true
9 verbose lifecycle digger-docs@1.0.0~docs:build: PATH: /Users/mohamedsayed/.nvm/versions/node/v6.9.1/lib/node_modules/npm/bin/node-gyp-bin:/Users/mohamedsayed/dev/digger/docs-site/node_modules/.bin:/Users/mohamedsayed/.pyenv/shims:/Users/mohamedsayed/.pyenv/bin:/Users/mohamedsayed/.deta/bin:/usr/local/opt/ruby/bin:/usr/bin:/opt/local/bin:/opt/local/sbin:/Users/mohamedsayed/go/bin:/Users/mohamedsayed/.nvm/versions/node/v6.9.1/bin:/usr/local/bin:/usr/bin:/bin:/usr/sbin:/sbin:/Users/mohamedsayed/.bin/flutter/bin:/Users/mohamedsayed/.bin:/usr/local/go/bin:/usr/local/share/dotnet:/opt/X11/bin:~/.dotnet/tools:/Library/Apple/usr/bin
10 verbose lifecycle digger-docs@1.0.0~docs:build: CWD: /Users/mohamedsayed/dev/digger/docs-site
11 silly lifecycle digger-docs@1.0.0~docs:build: Args: [ '-c', 'vuepress build docs' ]
12 silly lifecycle digger-docs@1.0.0~docs:build: Returned: code: 1  signal: null
13 info lifecycle digger-docs@1.0.0~docs:build: Failed to exec docs:build script
14 verbose stack Error: digger-docs@1.0.0 docs:build: `vuepress build docs`
14 verbose stack Exit status 1
14 verbose stack     at EventEmitter.<anonymous> (/Users/mohamedsayed/.nvm/versions/node/v6.9.1/lib/node_modules/npm/lib/utils/lifecycle.js:255:16)
14 verbose stack     at emitTwo (events.js:106:13)
14 verbose stack     at EventEmitter.emit (events.js:191:7)
14 verbose stack     at ChildProcess.<anonymous> (/Users/mohamedsayed/.nvm/versions/node/v6.9.1/lib/node_modules/npm/lib/utils/spawn.js:40:14)
14 verbose stack     at emitTwo (events.js:106:13)
14 verbose stack     at ChildProcess.emit (events.js:191:7)
14 verbose stack     at maybeClose (internal/child_process.js:877:16)
14 verbose stack     at Process.ChildProcess._handle.onexit (internal/child_process.js:226:5)
15 verbose pkgid digger-docs@1.0.0
16 verbose cwd /Users/mohamedsayed/dev/digger/docs-site
17 error Darwin 20.5.0
18 error argv "/Users/mohamedsayed/.nvm/versions/node/v6.9.1/bin/node" "/Users/mohamedsayed/.nvm/versions/node/v6.9.1/bin/npm" "run" "docs:build"
19 error node v6.9.1
20 error npm  v3.10.8
21 error code ELIFECYCLE
22 error digger-docs@1.0.0 docs:build: `vuepress build docs`
22 error Exit status 1
23 error Failed at the digger-docs@1.0.0 docs:build script 'vuepress build docs'.
23 error Make sure you have the latest version of node.js and npm installed.
23 error If you do, this is most likely a problem with the digger-docs package,
23 error not with npm itself.
23 error Tell the author that this fails on your system:
23 error     vuepress build docs
23 error You can get information on how to open an issue for this project with:
23 error     npm bugs digger-docs
23 error Or if that isn't available, you can get their info via:
23 error     npm owner ls digger-docs
23 error There is likely additional logging output above.
24 verbose exit [ 1, true ]
